<?xml version="1.0" encoding="UTF-8"?>
<!-- Generated by org.testng.reporters.JUnitReportReporter -->
<testsuite hostname="ZSCHN01LP0312" failures="0" tests="6" name="runners.MyRunner" time="10.656" errors="0" timestamp="2024-02-19T14:15:20 IST" skipped="0">
  <testcase classname="runners.MyRunner" name="runScenario" time="0.963"/>
  <system-out/>
  <testcase classname="runners.MyRunner" name="runScenario" time="1.248"/>
  <system-out/>
  <testcase classname="runners.MyRunner" name="runScenario" time="5.049"/>
  <system-out/>
  <testcase classname="runners.MyRunner" name="runScenario" time="0.873"/>
  <system-out/>
  <testcase classname="runners.MyRunner" name="runScenario" time="1.314"/>
  <system-out/>
  <testcase classname="runners.MyRunner" name="runScenario" time="1.209"/>
  <system-out/>
</testsuite> <!-- runners.MyRunner -->
