<?xml version="1.0" encoding="UTF-8"?>
<!-- Generated by org.testng.reporters.JUnitReportReporter -->
<testsuite hostname="ZSCHN01LP0312" failures="0" tests="6" name="runners.MyRunner" time="13.022" errors="0" timestamp="2024-02-19T14:54:06 IST" skipped="0">
  <testcase classname="runners.MyRunner" name="runScenario" time="1.125"/>
  <system-out/>
  <testcase classname="runners.MyRunner" name="runScenario" time="1.215"/>
  <system-out/>
  <testcase classname="runners.MyRunner" name="runScenario" time="6.608"/>
  <system-out/>
  <testcase classname="runners.MyRunner" name="runScenario" time="1.089"/>
  <system-out/>
  <testcase classname="runners.MyRunner" name="runScenario" time="1.532"/>
  <system-out/>
  <testcase classname="runners.MyRunner" name="runScenario" time="1.453"/>
  <system-out/>
</testsuite> <!-- runners.MyRunner -->
