<?xml version="1.0" encoding="UTF-8"?>
<!-- Generated by org.testng.reporters.JUnitReportReporter -->
<testsuite hostname="ZSCHN01LP0312" failures="0" tests="6" name="runners.MyRunner" time="13.061" errors="0" timestamp="2024-02-18T00:50:20 IST" skipped="0">
  <testcase classname="runners.MyRunner" name="runScenario" time="1.110"/>
  <system-out/>
  <testcase classname="runners.MyRunner" name="runScenario" time="1.883"/>
  <system-out/>
  <testcase classname="runners.MyRunner" name="runScenario" time="1.255"/>
  <system-out/>
  <testcase classname="runners.MyRunner" name="runScenario" time="1.230"/>
  <system-out/>
  <testcase classname="runners.MyRunner" name="runScenario" time="6.118"/>
  <system-out/>
  <testcase classname="runners.MyRunner" name="runScenario" time="1.465"/>
  <system-out/>
</testsuite> <!-- runners.MyRunner -->
