<?xml version="1.0" encoding="UTF-8"?>
<!-- Generated by org.testng.reporters.JUnitReportReporter -->
<testsuite hostname="ZSCHN01LP0312" failures="0" tests="6" name="runners.MyRunner" time="11.631" errors="0" timestamp="2024-02-18T22:26:51 IST" skipped="0">
  <testcase classname="runners.MyRunner" name="runScenario" time="5.880"/>
  <system-out/>
  <testcase classname="runners.MyRunner" name="runScenario" time="0.708"/>
  <system-out/>
  <testcase classname="runners.MyRunner" name="runScenario" time="1.200"/>
  <system-out/>
  <testcase classname="runners.MyRunner" name="runScenario" time="1.082"/>
  <system-out/>
  <testcase classname="runners.MyRunner" name="runScenario" time="1.535"/>
  <system-out/>
  <testcase classname="runners.MyRunner" name="runScenario" time="1.226"/>
  <system-out/>
</testsuite> <!-- runners.MyRunner -->
