<?xml version="1.0" encoding="UTF-8"?>
<!-- Generated by org.testng.reporters.JUnitReportReporter -->
<testsuite hostname="ZSCHN01LP0312" failures="0" tests="6" name="runners.MyRunner" time="15.190" errors="0" timestamp="2024-02-19T14:07:50 IST" skipped="0">
  <testcase classname="runners.MyRunner" name="runScenario" time="0.848"/>
  <system-out/>
  <testcase classname="runners.MyRunner" name="runScenario" time="1.254"/>
  <system-out/>
  <testcase classname="runners.MyRunner" name="runScenario" time="9.290"/>
  <system-out/>
  <testcase classname="runners.MyRunner" name="runScenario" time="0.729"/>
  <system-out/>
  <testcase classname="runners.MyRunner" name="runScenario" time="1.812"/>
  <system-out/>
  <testcase classname="runners.MyRunner" name="runScenario" time="1.257"/>
  <system-out/>
</testsuite> <!-- runners.MyRunner -->
